SF:lib/models/comment.dart
DA:8,4
DA:16,2
DA:17,2
DA:18,2
DA:19,2
DA:20,2
DA:21,2
DA:22,2
DA:26,1
DA:27,1
DA:28,1
DA:29,1
DA:30,1
DA:31,1
DA:32,1
LF:15
LH:15
end_of_record
SF:lib/models/post.dart
DA:7,5
DA:14,2
DA:15,2
DA:16,2
DA:17,2
DA:18,2
DA:19,2
DA:23,2
DA:24,2
DA:25,2
DA:26,2
DA:27,2
DA:28,2
DA:32,2
DA:38,2
DA:39,1
DA:40,2
DA:41,1
DA:42,1
LF:19
LH:19
end_of_record
SF:lib/providers/post_provider.dart
DA:14,1
DA:16,1
DA:19,1
DA:21,1
DA:24,2
DA:25,2
DA:26,2
DA:28,1
DA:29,1
DA:30,1
DA:31,1
DA:32,1
DA:35,3
DA:36,1
DA:38,2
DA:39,1
DA:42,1
DA:43,1
DA:44,1
DA:48,1
DA:50,2
DA:51,2
DA:52,1
DA:55,2
DA:56,1
DA:61,1
DA:63,2
DA:64,2
DA:65,1
DA:71,1
DA:73,2
DA:74,6
DA:75,2
DA:76,2
DA:77,1
DA:84,1
DA:85,2
DA:86,1
LF:38
LH:38
end_of_record
SF:lib/services/api_service.dart
DA:11,3
DA:13,1
DA:14,3
DA:15,2
DA:16,2
DA:17,4
DA:19,1
DA:23,1
DA:25,4
DA:26,2
DA:27,2
DA:28,4
DA:30,0
DA:34,1
DA:35,2
DA:36,1
DA:37,1
DA:38,2
DA:40,2
DA:41,3
DA:43,0
DA:47,1
DA:48,2
DA:49,3
DA:50,1
DA:51,2
DA:53,2
DA:54,3
DA:56,0
LF:29
LH:26
end_of_record
SF:lib/screens/posts_screen.dart
DA:8,1
DA:10,1
DA:11,1
DA:17,1
DA:19,1
DA:20,3
DA:21,1
DA:25,1
DA:27,3
DA:29,2
DA:30,1
DA:35,1
DA:37,1
DA:39,1
DA:40,1
DA:43,1
DA:44,1
DA:45,1
DA:49,1
DA:50,3
DA:53,1
DA:54,2
DA:55,1
DA:56,2
DA:57,1
DA:62,1
DA:63,1
DA:64,1
DA:66,1
DA:67,1
DA:80,1
DA:82,1
DA:84,1
DA:86,1
DA:87,1
DA:88,2
DA:91,3
DA:92,1
DA:93,3
DA:94,1
DA:95,1
DA:96,1
DA:97,0
DA:98,0
DA:100,0
DA:101,0
DA:118,1
DA:120,1
DA:121,1
DA:127,1
DA:129,1
DA:130,3
DA:131,1
DA:135,1
DA:137,5
DA:139,2
DA:140,1
DA:145,1
DA:147,1
DA:148,1
DA:150,3
DA:154,5
DA:160,1
DA:163,1
DA:164,1
DA:165,1
DA:166,1
DA:167,2
DA:168,2
LF:69
LH:65
end_of_record
SF:lib/screens/create_post_screen.dart
DA:9,3
DA:11,2
DA:12,2
DA:21,2
DA:23,2
DA:24,8
DA:25,8
DA:28,2
DA:30,4
DA:31,4
DA:32,2
DA:35,1
DA:36,3
DA:37,3
DA:40,1
DA:41,2
DA:42,2
DA:43,2
DA:44,2
DA:47,2
DA:48,3
DA:50,0
DA:53,1
DA:54,2
DA:57,1
DA:58,3
DA:59,3
DA:62,1
DA:63,3
DA:69,2
DA:71,2
DA:72,2
DA:73,6
DA:75,2
DA:77,2
DA:78,2
DA:79,2
DA:80,2
DA:81,2
DA:82,2
DA:87,1
DA:88,1
DA:95,2
DA:96,2
DA:102,1
DA:103,1
DA:110,2
DA:111,4
DA:112,2
DA:114,6
LF:50
LH:49
end_of_record
